<?xml version="1.0" encoding="UTF-8"?>
<!-- Generated by org.testng.reporters.JUnitReportReporter -->
<testsuite hostname="USABOS216482L" name="com.qa.testcases.CartSidebarTest" tests="1" failures="0" timestamp="3 Jan 2019 17:22:24 GMT" time="39.958" errors="0">
  <testcase name="sidebarSyncWithCart" time="39.958" classname="com.qa.testcases.CartSidebarTest"/>
</testsuite> <!-- com.qa.testcases.CartSidebarTest -->
