<?xml version="1.0" encoding="UTF-8"?>
<!-- Generated by org.testng.reporters.JUnitReportReporter -->
<testsuite hostname="USABOS216482L" name="com.qa.testcases.readPropertyFile" tests="1" failures="0" timestamp="19 Nov 2018 20:13:59 GMT" time="0.038" errors="0">
  <testcase name="read" time="0.038" classname="com.qa.testcases.readPropertyFile"/>
</testsuite> <!-- com.qa.testcases.readPropertyFile -->
