<?xml version="1.0" encoding="UTF-8"?>
<!-- Generated by org.testng.reporters.JUnitReportReporter -->
<testsuite hostname="USABOS216482L" name="com.qa.testcases.CartSidebarTest" tests="1" failures="0" timestamp="26 Dec 2018 18:27:08 GMT" time="42.169" errors="0">
  <testcase name="cartSyncWithSidebar" time="42.169" classname="com.qa.testcases.CartSidebarTest"/>
</testsuite> <!-- com.qa.testcases.CartSidebarTest -->
