<?xml version="1.0" encoding="UTF-8"?>
<!-- Generated by org.testng.reporters.JUnitReportReporter -->
<testsuite hostname="USABOS216482L" name="com.qa.testcases.CartPageTest" tests="1" failures="0" timestamp="19 Dec 2018 18:01:10 GMT" time="27.176" errors="0">
  <testcase name="test" time="27.176" classname="com.qa.testcases.CartPageTest"/>
</testsuite> <!-- com.qa.testcases.CartPageTest -->
