<?xml version="1.0" encoding="UTF-8"?>
<!-- Generated by org.testng.reporters.JUnitReportReporter -->
<testsuite hostname="USABOS216482L" name="com.qa.testcases.SearchResultsTest" tests="2" failures="0" timestamp="11 Dec 2018 16:54:01 GMT" time="7.777" errors="0">
  <testcase name="emptySearch" time="1.258" classname="com.qa.testcases.SearchResultsTest"/>
  <testcase name="search" time="6.519" classname="com.qa.testcases.SearchResultsTest"/>
</testsuite> <!-- com.qa.testcases.SearchResultsTest -->
